[  +30 ms] executing: uname -m
[   +5 ms] Exit code 0 from: uname -m
[        ] x86_64
[  +12 ms] Artifact Instance of 'MaterialFonts' is not required, skipping update.
[        ] Artifact Instance of 'GradleWrapper' is not required, skipping update.
[        ] Artifact Instance of 'AndroidGenSnapshotArtifacts' is not required, skipping update.
[        ] Artifact Instance of 'AndroidInternalBuildArtifacts' is not required, skipping update.
[        ] Artifact Instance of 'IOSEngineArtifacts' is not required, skipping update.
[        ] Artifact Instance of 'FlutterWebSdk' is not required, skipping update.
[        ] Artifact Instance of 'LegacyCanvasKitRemover' is not required, skipping update.
[        ] Artifact Instance of 'FlutterSdk' is not required, skipping update.
[        ] Artifact Instance of 'WindowsEngineArtifacts' is not required, skipping update.
[        ] Artifact Instance of 'MacOSEngineArtifacts' is not required, skipping update.
[        ] Artifact Instance of 'LinuxEngineArtifacts' is not required, skipping update.
[        ] Artifact Instance of 'LinuxFuchsiaSDKArtifacts' is not required, skipping update.
[        ] Artifact Instance of 'MacOSFuchsiaSDKArtifacts' is not required, skipping update.
[        ] Artifact Instance of 'FlutterRunnerSDKArtifacts' is not required, skipping update.
[        ] Artifact Instance of 'FlutterRunnerDebugSymbols' is not required, skipping update.
[        ] Artifact Instance of 'IosUsbArtifacts' is not required, skipping update.
[        ] Artifact Instance of 'IosUsbArtifacts' is not required, skipping update.
[        ] Artifact Instance of 'IosUsbArtifacts' is not required, skipping update.
[        ] Artifact Instance of 'IosUsbArtifacts' is not required, skipping update.
[        ] Artifact Instance of 'IosUsbArtifacts' is not required, skipping update.
[        ] Artifact Instance of 'IosUsbArtifacts' is not required, skipping update.
[        ] Artifact Instance of 'FontSubsetArtifacts' is not required, skipping update.
[        ] Artifact Instance of 'PubDependencies' is not required, skipping update.
[        ] executing: [/home/user/snap/flutter/common/flutter/] git -c log.showSignature=false log HEAD -n 1 --pretty=format:%ad --date=iso
[   +5 ms] Exit code 0 from: git -c log.showSignature=false log HEAD -n 1 --pretty=format:%ad --date=iso
[        ] 2026-01-08 10:49:17 -0800
[  +27 ms] Artifact Instance of 'AndroidGenSnapshotArtifacts' is not required, skipping update.
[        ] Artifact Instance of 'AndroidInternalBuildArtifacts' is not required, skipping update.
[        ] Artifact Instance of 'IOSEngineArtifacts' is not required, skipping update.
[        ] Artifact Instance of 'FlutterWebSdk' is not required, skipping update.
[        ] Artifact Instance of 'FlutterEngineStamp' is not required, skipping update.
[        ] Artifact Instance of 'LegacyCanvasKitRemover' is not required, skipping update.
[   +1 ms] Artifact Instance of 'WindowsEngineArtifacts' is not required, skipping update.
[        ] Artifact Instance of 'MacOSEngineArtifacts' is not required, skipping update.
[        ] Artifact Instance of 'LinuxEngineArtifacts' is not required, skipping update.
[        ] Artifact Instance of 'LinuxFuchsiaSDKArtifacts' is not required, skipping update.
[        ] Artifact Instance of 'MacOSFuchsiaSDKArtifacts' is not required, skipping update.
[        ] Artifact Instance of 'FlutterRunnerSDKArtifacts' is not required, skipping update.
[        ] Artifact Instance of 'FlutterRunnerDebugSymbols' is not required, skipping update.
[  +45 ms] Artifact Instance of 'AndroidGenSnapshotArtifacts' is not required, skipping update.
[        ] Artifact Instance of 'AndroidInternalBuildArtifacts' is not required, skipping update.
[        ] Artifact Instance of 'IOSEngineArtifacts' is not required, skipping update.
[        ] Artifact Instance of 'FlutterWebSdk' is not required, skipping update.
[        ] Artifact Instance of 'FlutterEngineStamp' is not required, skipping update.
[        ] Artifact Instance of 'LegacyCanvasKitRemover' is not required, skipping update.
[        ] Artifact Instance of 'WindowsEngineArtifacts' is not required, skipping update.
[        ] Artifact Instance of 'MacOSEngineArtifacts' is not required, skipping update.
[   +1 ms] Artifact Instance of 'LinuxFuchsiaSDKArtifacts' is not required, skipping update.
[        ] Artifact Instance of 'MacOSFuchsiaSDKArtifacts' is not required, skipping update.
[        ] Artifact Instance of 'FlutterRunnerSDKArtifacts' is not required, skipping update.
[        ] Artifact Instance of 'FlutterRunnerDebugSymbols' is not required, skipping update.
[  +54 ms] executing: [/home/user/Documents/Calling/SuperApp/] /home/user/snap/flutter/common/flutter/bin/cache/dart-sdk/bin/dart pub --suppress-analytics --directory . get --example
Resolving dependencies...
Downloading packages...
  _fe_analyzer_shared 91.0.0 (93.0.0 available)
  analyzer 8.4.1 (10.0.1 available)
  bloc 9.1.0 (9.2.0 available)
  characters 1.4.0 (1.4.1 available)
  dart_webrtc 1.6.0 (1.7.0 available)
  ffi 2.1.4 (2.1.5 available)
  google_fonts 6.3.3 (7.0.2 available)
  grpc 5.0.0 (5.1.0 available)
  matcher 0.12.17 (0.12.18 available)
  material_color_utilities 0.11.1 (0.13.0 available)
  meta 1.17.0 (1.18.0 available)
  path_provider_foundation 2.5.1 (2.6.0 available)
  protobuf 5.1.0 (6.0.0 available)
  shared_preferences 2.5.3 (2.5.4 available)
  shared_preferences_android 2.4.17 (2.4.18 available)
  test 1.26.3 (1.29.0 available)
  test_api 0.7.7 (0.7.9 available)
  test_core 0.6.12 (0.6.15 available)
  watcher 1.1.4 (1.2.1 available)
  webrtc_interface 1.3.0 (1.4.0 available)
Got dependencies!
20 packages have newer versions incompatible with dependency constraints.
Try `flutter pub outdated` for more information.
[+1250 ms] Found plugin url_launcher at /home/user/.pub-cache/hosted/pub.dev/url_launcher-6.3.2/
[   +4 ms] Found plugin url_launcher_windows at /home/user/.pub-cache/hosted/pub.dev/url_launcher_windows-3.1.5/
[   +4 ms] Found plugin url_launcher_web at /home/user/.pub-cache/hosted/pub.dev/url_launcher_web-2.4.2/
[   +2 ms] Found plugin url_launcher_macos at /home/user/.pub-cache/hosted/pub.dev/url_launcher_macos-3.2.5/
[   +2 ms] Found plugin url_launcher_linux at /home/user/.pub-cache/hosted/pub.dev/url_launcher_linux-3.2.2/
[   +2 ms] Found plugin url_launcher_ios at /home/user/.pub-cache/hosted/pub.dev/url_launcher_ios-6.3.6/
[   +2 ms] Found plugin url_launcher_android at /home/user/.pub-cache/hosted/pub.dev/url_launcher_android-6.3.28/
[  +12 ms] Found plugin flutter_webrtc at /home/user/.pub-cache/hosted/pub.dev/flutter_webrtc-1.2.1/
[   +3 ms] Found plugin path_provider at /home/user/.pub-cache/hosted/pub.dev/path_provider-2.1.5/
[   +1 ms] Found plugin path_provider_windows at /home/user/.pub-cache/hosted/pub.dev/path_provider_windows-2.3.0/
[   +7 ms] Found plugin path_provider_linux at /home/user/.pub-cache/hosted/pub.dev/path_provider_linux-2.2.1/
[   +3 ms] Found plugin path_provider_foundation at /home/user/.pub-cache/hosted/pub.dev/path_provider_foundation-2.5.1/
[   +1 ms] Found plugin path_provider_android at /home/user/.pub-cache/hosted/pub.dev/path_provider_android-2.2.22/
[  +11 ms] Found plugin shared_preferences at /home/user/.pub-cache/hosted/pub.dev/shared_preferences-2.5.3/
[   +1 ms] Found plugin shared_preferences_windows at /home/user/.pub-cache/hosted/pub.dev/shared_preferences_windows-2.4.1/
[   +2 ms] Found plugin shared_preferences_web at /home/user/.pub-cache/hosted/pub.dev/shared_preferences_web-2.4.3/
[   +1 ms] Found plugin shared_preferences_linux at /home/user/.pub-cache/hosted/pub.dev/shared_preferences_linux-2.4.1/
[   +1 ms] Found plugin shared_preferences_foundation at /home/user/.pub-cache/hosted/pub.dev/shared_preferences_foundation-2.5.6/
[   +1 ms] Found plugin shared_preferences_android at /home/user/.pub-cache/hosted/pub.dev/shared_preferences_android-2.4.17/
[   +3 ms] Found plugin permission_handler at /home/user/.pub-cache/hosted/pub.dev/permission_handler-12.0.1/
[   +1 ms] Found plugin permission_handler_windows at /home/user/.pub-cache/hosted/pub.dev/permission_handler_windows-0.2.1/
[   +3 ms] Found plugin permission_handler_html at /home/user/.pub-cache/hosted/pub.dev/permission_handler_html-0.1.3+5/
[   +1 ms] Found plugin permission_handler_apple at /home/user/.pub-cache/hosted/pub.dev/permission_handler_apple-9.4.7/
[   +1 ms] Found plugin permission_handler_android at /home/user/.pub-cache/hosted/pub.dev/permission_handler_android-13.0.1/
[  +16 ms] Found plugin flutter_contacts at /home/user/.pub-cache/hosted/pub.dev/flutter_contacts-1.1.9+2/
[   +4 ms] Found plugin sqflite at /home/user/.pub-cache/hosted/pub.dev/sqflite-2.4.2/
[   +2 ms] Found plugin sqflite_darwin at /home/user/.pub-cache/hosted/pub.dev/sqflite_darwin-2.4.2/
[        ] Found plugin sqflite_android at /home/user/.pub-cache/hosted/pub.dev/sqflite_android-2.4.2+2/
[   +3 ms] Found plugin audioplayers at /home/user/.pub-cache/hosted/pub.dev/audioplayers-6.5.1/
[        ] Found plugin audioplayers_windows at /home/user/.pub-cache/hosted/pub.dev/audioplayers_windows-4.2.1/
[   +1 ms] Found plugin audioplayers_web at /home/user/.pub-cache/hosted/pub.dev/audioplayers_web-5.1.1/
[        ] Found plugin audioplayers_linux at /home/user/.pub-cache/hosted/pub.dev/audioplayers_linux-4.2.1/
[        ] Found plugin audioplayers_darwin at /home/user/.pub-cache/hosted/pub.dev/audioplayers_darwin-6.3.0/
[        ] Found plugin audioplayers_android at /home/user/.pub-cache/hosted/pub.dev/audioplayers_android-5.2.1/
[  +52 ms] Found plugin url_launcher at /home/user/.pub-cache/hosted/pub.dev/url_launcher-6.3.2/
[        ] Found plugin url_launcher_windows at /home/user/.pub-cache/hosted/pub.dev/url_launcher_windows-3.1.5/
[   +1 ms] Found plugin url_launcher_web at /home/user/.pub-cache/hosted/pub.dev/url_launcher_web-2.4.2/
[        ] Found plugin url_launcher_macos at /home/user/.pub-cache/hosted/pub.dev/url_launcher_macos-3.2.5/
[        ] Found plugin url_launcher_linux at /home/user/.pub-cache/hosted/pub.dev/url_launcher_linux-3.2.2/
[        ] Found plugin url_launcher_ios at /home/user/.pub-cache/hosted/pub.dev/url_launcher_ios-6.3.6/
[        ] Found plugin url_launcher_android at /home/user/.pub-cache/hosted/pub.dev/url_launcher_android-6.3.28/
[   +4 ms] Found plugin flutter_webrtc at /home/user/.pub-cache/hosted/pub.dev/flutter_webrtc-1.2.1/
[   +1 ms] Found plugin path_provider at /home/user/.pub-cache/hosted/pub.dev/path_provider-2.1.5/
[        ] Found plugin path_provider_windows at /home/user/.pub-cache/hosted/pub.dev/path_provider_windows-2.3.0/
[   +2 ms] Found plugin path_provider_linux at /home/user/.pub-cache/hosted/pub.dev/path_provider_linux-2.2.1/
[   +1 ms] Found plugin path_provider_foundation at /home/user/.pub-cache/hosted/pub.dev/path_provider_foundation-2.5.1/
[        ] Found plugin path_provider_android at /home/user/.pub-cache/hosted/pub.dev/path_provider_android-2.2.22/
[   +2 ms] Found plugin shared_preferences at /home/user/.pub-cache/hosted/pub.dev/shared_preferences-2.5.3/
[   +2 ms] Found plugin shared_preferences_windows at /home/user/.pub-cache/hosted/pub.dev/shared_preferences_windows-2.4.1/
[   +1 ms] Found plugin shared_preferences_web at /home/user/.pub-cache/hosted/pub.dev/shared_preferences_web-2.4.3/
[        ] Found plugin shared_preferences_linux at /home/user/.pub-cache/hosted/pub.dev/shared_preferences_linux-2.4.1/
[        ] Found plugin shared_preferences_foundation at /home/user/.pub-cache/hosted/pub.dev/shared_preferences_foundation-2.5.6/
[   +1 ms] Found plugin shared_preferences_android at /home/user/.pub-cache/hosted/pub.dev/shared_preferences_android-2.4.17/
[   +2 ms] Found plugin permission_handler at /home/user/.pub-cache/hosted/pub.dev/permission_handler-12.0.1/
[        ] Found plugin permission_handler_windows at /home/user/.pub-cache/hosted/pub.dev/permission_handler_windows-0.2.1/
[   +1 ms] Found plugin permission_handler_html at /home/user/.pub-cache/hosted/pub.dev/permission_handler_html-0.1.3+5/
[        ] Found plugin permission_handler_apple at /home/user/.pub-cache/hosted/pub.dev/permission_handler_apple-9.4.7/
[        ] Found plugin permission_handler_android at /home/user/.pub-cache/hosted/pub.dev/permission_handler_android-13.0.1/
[   +7 ms] Found plugin flutter_contacts at /home/user/.pub-cache/hosted/pub.dev/flutter_contacts-1.1.9+2/
[   +2 ms] Found plugin sqflite at /home/user/.pub-cache/hosted/pub.dev/sqflite-2.4.2/
[   +1 ms] Found plugin sqflite_darwin at /home/user/.pub-cache/hosted/pub.dev/sqflite_darwin-2.4.2/
[        ] Found plugin sqflite_android at /home/user/.pub-cache/hosted/pub.dev/sqflite_android-2.4.2+2/
[   +2 ms] Found plugin audioplayers at /home/user/.pub-cache/hosted/pub.dev/audioplayers-6.5.1/
[        ] Found plugin audioplayers_windows at /home/user/.pub-cache/hosted/pub.dev/audioplayers_windows-4.2.1/
[        ] Found plugin audioplayers_web at /home/user/.pub-cache/hosted/pub.dev/audioplayers_web-5.1.1/
[        ] Found plugin audioplayers_linux at /home/user/.pub-cache/hosted/pub.dev/audioplayers_linux-4.2.1/
[        ] Found plugin audioplayers_darwin at /home/user/.pub-cache/hosted/pub.dev/audioplayers_darwin-6.3.0/
[        ] Found plugin audioplayers_android at /home/user/.pub-cache/hosted/pub.dev/audioplayers_android-5.2.1/
[  +12 ms] Skipping generating web_plugin_registrant.dart because it is up-to-date.
[  +41 ms] Found plugin url_launcher at /home/user/.pub-cache/hosted/pub.dev/url_launcher-6.3.2/
[   +1 ms] Found plugin url_launcher_windows at /home/user/.pub-cache/hosted/pub.dev/url_launcher_windows-3.1.5/
[   +1 ms] Found plugin url_launcher_web at /home/user/.pub-cache/hosted/pub.dev/url_launcher_web-2.4.2/
[   +1 ms] Found plugin url_launcher_macos at /home/user/.pub-cache/hosted/pub.dev/url_launcher_macos-3.2.5/
[   +1 ms] Found plugin url_launcher_linux at /home/user/.pub-cache/hosted/pub.dev/url_launcher_linux-3.2.2/
[   +1 ms] Found plugin url_launcher_ios at /home/user/.pub-cache/hosted/pub.dev/url_launcher_ios-6.3.6/
[        ] Found plugin url_launcher_android at /home/user/.pub-cache/hosted/pub.dev/url_launcher_android-6.3.28/
[   +5 ms] Found plugin flutter_webrtc at /home/user/.pub-cache/hosted/pub.dev/flutter_webrtc-1.2.1/
[   +2 ms] Found plugin path_provider at /home/user/.pub-cache/hosted/pub.dev/path_provider-2.1.5/
[   +1 ms] Found plugin path_provider_windows at /home/user/.pub-cache/hosted/pub.dev/path_provider_windows-2.3.0/
[   +3 ms] Found plugin path_provider_linux at /home/user/.pub-cache/hosted/pub.dev/path_provider_linux-2.2.1/
[   +1 ms] Found plugin path_provider_foundation at /home/user/.pub-cache/hosted/pub.dev/path_provider_foundation-2.5.1/
[   +1 ms] Found plugin path_provider_android at /home/user/.pub-cache/hosted/pub.dev/path_provider_android-2.2.22/
[   +3 ms] Found plugin shared_preferences at /home/user/.pub-cache/hosted/pub.dev/shared_preferences-2.5.3/
[   +1 ms] Found plugin shared_preferences_windows at /home/user/.pub-cache/hosted/pub.dev/shared_preferences_windows-2.4.1/
[   +2 ms] Found plugin shared_preferences_web at /home/user/.pub-cache/hosted/pub.dev/shared_preferences_web-2.4.3/
[   +1 ms] Found plugin shared_preferences_linux at /home/user/.pub-cache/hosted/pub.dev/shared_preferences_linux-2.4.1/
[        ] Found plugin shared_preferences_foundation at /home/user/.pub-cache/hosted/pub.dev/shared_preferences_foundation-2.5.6/
[   +1 ms] Found plugin shared_preferences_android at /home/user/.pub-cache/hosted/pub.dev/shared_preferences_android-2.4.17/
[   +3 ms] Found plugin permission_handler at /home/user/.pub-cache/hosted/pub.dev/permission_handler-12.0.1/
[        ] Found plugin permission_handler_windows at /home/user/.pub-cache/hosted/pub.dev/permission_handler_windows-0.2.1/
[   +1 ms] Found plugin permission_handler_html at /home/user/.pub-cache/hosted/pub.dev/permission_handler_html-0.1.3+5/
[   +1 ms] Found plugin permission_handler_apple at /home/user/.pub-cache/hosted/pub.dev/permission_handler_apple-9.4.7/
[        ] Found plugin permission_handler_android at /home/user/.pub-cache/hosted/pub.dev/permission_handler_android-13.0.1/
[   +8 ms] Found plugin flutter_contacts at /home/user/.pub-cache/hosted/pub.dev/flutter_contacts-1.1.9+2/
[   +3 ms] Found plugin sqflite at /home/user/.pub-cache/hosted/pub.dev/sqflite-2.4.2/
[   +2 ms] Found plugin sqflite_darwin at /home/user/.pub-cache/hosted/pub.dev/sqflite_darwin-2.4.2/
[        ] Found plugin sqflite_android at /home/user/.pub-cache/hosted/pub.dev/sqflite_android-2.4.2+2/
[   +2 ms] Found plugin audioplayers at /home/user/.pub-cache/hosted/pub.dev/audioplayers-6.5.1/
[        ] Found plugin audioplayers_windows at /home/user/.pub-cache/hosted/pub.dev/audioplayers_windows-4.2.1/
[   +1 ms] Found plugin audioplayers_web at /home/user/.pub-cache/hosted/pub.dev/audioplayers_web-5.1.1/
[   +1 ms] Found plugin audioplayers_linux at /home/user/.pub-cache/hosted/pub.dev/audioplayers_linux-4.2.1/
[   +1 ms] Found plugin audioplayers_darwin at /home/user/.pub-cache/hosted/pub.dev/audioplayers_darwin-6.3.0/
[        ] Found plugin audioplayers_android at /home/user/.pub-cache/hosted/pub.dev/audioplayers_android-5.2.1/
[   +7 ms] Generating /home/user/Documents/Calling/SuperApp/android/app/src/main/java/io/flutter/plugins/GeneratedPluginRegistrant.java
[   +1 ms] Skipping generating GeneratedPluginRegistrant.java because it is up-to-date.
[   +3 ms] Skipping generating generated_plugin_registrant.h because it is up-to-date.
[   +1 ms] Skipping generating generated_plugin_registrant.cc because it is up-to-date.
[   +1 ms] Skipping generating generated_plugins.cmake because it is up-to-date.
[   +2 ms] Skipping generating generated_plugin_registrant.h because it is up-to-date.
[   +1 ms] Skipping generating generated_plugin_registrant.cc because it is up-to-date.
[   +1 ms] Skipping generating generated_plugins.cmake because it is up-to-date.
[   +2 ms] Skipping generating GeneratedPluginRegistrant.h because it is up-to-date.
[   +1 ms] Skipping generating GeneratedPluginRegistrant.m because it is up-to-date.
[   +2 ms] Skipping generating GeneratedPluginRegistrant.swift because it is up-to-date.
[ +195 ms] Initializing file store
[  +12 ms] Skipping target: gen_localizations
[   +2 ms] gen_dart_plugin_registrant: Starting due to {InvalidatedReasonKind.inputChanged: The following inputs have updated contents: /home/user/Documents/Calling/SuperApp/.dart_tool/package_config.json,/home/user/Documents/Calling/SuperApp/.dart_tool/flutter_build/dart_plugin_registrant.dart}
[  +77 ms] Found plugin url_launcher at /home/user/.pub-cache/hosted/pub.dev/url_launcher-6.3.2/
[   +1 ms] Found plugin url_launcher_windows at /home/user/.pub-cache/hosted/pub.dev/url_launcher_windows-3.1.5/
[   +2 ms] Found plugin url_launcher_web at /home/user/.pub-cache/hosted/pub.dev/url_launcher_web-2.4.2/
[   +1 ms] Found plugin url_launcher_macos at /home/user/.pub-cache/hosted/pub.dev/url_launcher_macos-3.2.5/
[   +1 ms] Found plugin url_launcher_linux at /home/user/.pub-cache/hosted/pub.dev/url_launcher_linux-3.2.2/
[        ] Found plugin url_launcher_ios at /home/user/.pub-cache/hosted/pub.dev/url_launcher_ios-6.3.6/
[        ] Found plugin url_launcher_android at /home/user/.pub-cache/hosted/pub.dev/url_launcher_android-6.3.28/
[   +5 ms] Found plugin flutter_webrtc at /home/user/.pub-cache/hosted/pub.dev/flutter_webrtc-1.2.1/
[   +1 ms] Found plugin path_provider at /home/user/.pub-cache/hosted/pub.dev/path_provider-2.1.5/
[        ] Found plugin path_provider_windows at /home/user/.pub-cache/hosted/pub.dev/path_provider_windows-2.3.0/
[   +2 ms] Found plugin path_provider_linux at /home/user/.pub-cache/hosted/pub.dev/path_provider_linux-2.2.1/
[   +1 ms] Found plugin path_provider_foundation at /home/user/.pub-cache/hosted/pub.dev/path_provider_foundation-2.5.1/
[        ] Found plugin path_provider_android at /home/user/.pub-cache/hosted/pub.dev/path_provider_android-2.2.22/
[   +2 ms] Found plugin shared_preferences at /home/user/.pub-cache/hosted/pub.dev/shared_preferences-2.5.3/
[        ] Found plugin shared_preferences_windows at /home/user/.pub-cache/hosted/pub.dev/shared_preferences_windows-2.4.1/
[   +1 ms] Found plugin shared_preferences_web at /home/user/.pub-cache/hosted/pub.dev/shared_preferences_web-2.4.3/
[        ] Found plugin shared_preferences_linux at /home/user/.pub-cache/hosted/pub.dev/shared_preferences_linux-2.4.1/
[   +1 ms] Found plugin shared_preferences_foundation at /home/user/.pub-cache/hosted/pub.dev/shared_preferences_foundation-2.5.6/
[        ] Found plugin shared_preferences_android at /home/user/.pub-cache/hosted/pub.dev/shared_preferences_android-2.4.17/
[   +2 ms] Found plugin permission_handler at /home/user/.pub-cache/hosted/pub.dev/permission_handler-12.0.1/
[        ] Found plugin permission_handler_windows at /home/user/.pub-cache/hosted/pub.dev/permission_handler_windows-0.2.1/
[   +1 ms] Found plugin permission_handler_html at /home/user/.pub-cache/hosted/pub.dev/permission_handler_html-0.1.3+5/
[   +1 ms] Found plugin permission_handler_apple at /home/user/.pub-cache/hosted/pub.dev/permission_handler_apple-9.4.7/
[   +1 ms] Found plugin permission_handler_android at /home/user/.pub-cache/hosted/pub.dev/permission_handler_android-13.0.1/
[  +15 ms] Found plugin flutter_contacts at /home/user/.pub-cache/hosted/pub.dev/flutter_contacts-1.1.9+2/
[   +6 ms] Found plugin sqflite at /home/user/.pub-cache/hosted/pub.dev/sqflite-2.4.2/
[   +3 ms] Found plugin sqflite_darwin at /home/user/.pub-cache/hosted/pub.dev/sqflite_darwin-2.4.2/
[   +1 ms] Found plugin sqflite_android at /home/user/.pub-cache/hosted/pub.dev/sqflite_android-2.4.2+2/
[   +4 ms] Found plugin audioplayers at /home/user/.pub-cache/hosted/pub.dev/audioplayers-6.5.1/
[        ] Found plugin audioplayers_windows at /home/user/.pub-cache/hosted/pub.dev/audioplayers_windows-4.2.1/
[   +2 ms] Found plugin audioplayers_web at /home/user/.pub-cache/hosted/pub.dev/audioplayers_web-5.1.1/
[   +1 ms] Found plugin audioplayers_linux at /home/user/.pub-cache/hosted/pub.dev/audioplayers_linux-4.2.1/
[        ] Found plugin audioplayers_darwin at /home/user/.pub-cache/hosted/pub.dev/audioplayers_darwin-6.3.0/
[        ] Found plugin audioplayers_android at /home/user/.pub-cache/hosted/pub.dev/audioplayers_android-5.2.1/
[   +8 ms] Skipping generating dart_plugin_registrant.dart because it is up-to-date.
[        ] gen_dart_plugin_registrant: Complete
[   +2 ms] Skipping target: _composite
[   +2 ms] complete
[   +4 ms] Launching lib/main.dart on Linux in debug mode...
[   +4 ms] /home/user/snap/flutter/common/flutter/bin/cache/dart-sdk/bin/dartaotruntime /home/user/snap/flutter/common/flutter/bin/cache/dart-sdk/bin/snapshots/frontend_server_aot.dart.snapshot --sdk-root /home/user/snap/flutter/common/flutter/bin/cache/artifacts/engine/common/flutter_patched_sdk/ --incremental --target=flutter --experimental-emit-debug-metadata -DFLUTTER_VERSION=3.38.6 -DFLUTTER_CHANNEL=stable -DFLUTTER_GIT_URL=https://github.com/flutter/flutter.git -DFLUTTER_FRAMEWORK_REVISION=8b87286849 -DFLUTTER_ENGINE_REVISION=78fc3012e4 -DFLUTTER_DART_VERSION=3.10.7 --output-dill /tmp/flutter_tools.XPLCBQ/flutter_tool.RXKMBG/app.dill --packages /home/user/Documents/Calling/SuperApp/.dart_tool/package_config.json -Ddart.vm.profile=false -Ddart.vm.product=false --enable-asserts --track-widget-creation --filesystem-scheme org-dartlang-root --initialize-from-dill build/3db25abb13e29dfd86c6b9b67f5bf79a.cache.dill.track.dill --source file:///home/user/Documents/Calling/SuperApp/.dart_tool/flutter_build/dart_plugin_registrant.dart --source package:flutter/src/dart_plugin_registrant.dart -Dflutter.dart_plugin_registrant=file:///home/user/Documents/Calling/SuperApp/.dart_tool/flutter_build/dart_plugin_registrant.dart --verbosity=error --enable-experiment=alternative-invalidation-strategy
[  +27 ms] Building Linux application...
[  +10 ms] <- compile package:mvvm_sip_demo/main.dart
[   +2 ms] executing: [/home/user/Documents/Calling/SuperApp/build/linux/x64/debug/] cmake -G Ninja -DCMAKE_BUILD_TYPE=Debug -DFLUTTER_TARGET_PLATFORM=linux-x64 /home/user/Documents/Calling/SuperApp/linux
[ +148 ms] -- CMAKE_VERSION: 3.16.3
[  +23 ms] -- Configuring done
[  +59 ms] -- Generating done
[        ] -- Build files have been written to: /home/user/Documents/Calling/SuperApp/build/linux/x64/debug
[  +46 ms] executing: ninja -C /home/user/Documents/Calling/SuperApp/build/linux/x64/debug install
[  +16 ms] ninja: Entering directory `/home/user/Documents/Calling/SuperApp/build/linux/x64/debug'
[+5864 ms] [1/25] Generating /home/user/Documents/Calling/SuperApp/linux/flutter/ephemeral/libflutter_linux_gtk.so, /home/user/Documents/Calling/SuperApp/linux/flutter/ephemeral/flutter_linux/fl_basic_message_channel.h, /home/user/Documents/Calling/SuperApp/linux/flutter/ephemeral/flutter_linux/fl_binary_codec.h, /home/user/Documents/Calling/SuperApp/linux/flutter/ephemeral/flutter_linux/fl_binary_messenger.h, /home/user/Documents/Calling/SuperApp/linux/flutter/ephemeral/flutter_linux/fl_dart_project.h, /home/user/Documents/Calling/SuperApp/linux/flutter/ephemeral/flutter_linux/fl_engine.h, /home/user/Documents/Calling/SuperApp/linux/flutter/ephemeral/flutter_linux/fl_json_message_codec.h, /home/user/Documents/Calling/SuperApp/linux/flutter/ephemeral/flutter_linux/fl_json_method_codec.h, /home/user/Documents/Calling/SuperApp/linux/flutter/ephemeral/flutter_linux/fl_message_codec.h, /home/user/Documents/Calling/SuperApp/linux/flutter/ephemeral/flutter_linux/fl_method_call.h, /home/user/Documents/Calling/SuperApp/linux/flutter/ephemeral/flutter_linux/fl_method_channel.h, /home/user/Documents/Calling/SuperApp/linux/flutter/ephemeral/flutter_linux/fl_method_codec.h, /home/user/Documents/Calling/SuperApp/linux/flutter/ephemeral/flutter_linux/fl_method_response.h, /home/user/Documents/Calling/SuperApp/linux/flutter/ephemeral/flutter_linux/fl_plugin_registrar.h, /home/user/Documents/Calling/SuperApp/linux/flutter/ephemeral/flutter_linux/fl_plugin_registry.h, /home/user/Documents/Calling/SuperApp/linux/flutter/ephemeral/flutter_linux/fl_standard_message_codec.h, /home/user/Documents/Calling/SuperApp/linux/flutter/ephemeral/flutter_linux/fl_standard_method_codec.h, /home/user/Documents/Calling/SuperApp/linux/flutter/ephemeral/flutter_linux/fl_string_codec.h, /home/user/Documents/Calling/SuperApp/linux/flutter/ephemeral/flutter_linux/fl_value.h, /home/user/Documents/Calling/SuperApp/linux/flutter/ephemeral/flutter_linux/fl_view.h, /home/user/Documents/Calling/SuperApp/linux/flutter/ephemeral/flutter_linux/flutter_linux.h, _phony_
[        ] [  +35 ms] executing: uname -m
[        ] [   +5 ms] Exit code 0 from: uname -m
[        ] [        ] x86_64
[        ] [  +12 ms] Artifact Instance of 'MaterialFonts' is not required, skipping update.
[        ] [        ] Artifact Instance of 'GradleWrapper' is not required, skipping update.
[        ] [        ] Artifact Instance of 'AndroidGenSnapshotArtifacts' is not required, skipping update.
[        ] [        ] Artifact Instance of 'AndroidInternalBuildArtifacts' is not required, skipping update.
[        ] [        ] Artifact Instance of 'IOSEngineArtifacts' is not required, skipping update.
[        ] [        ] Artifact Instance of 'FlutterWebSdk' is not required, skipping update.
[        ] [        ] Artifact Instance of 'LegacyCanvasKitRemover' is not required, skipping update.
[        ] [        ] Artifact Instance of 'FlutterSdk' is not required, skipping update.
[        ] [        ] Artifact Instance of 'WindowsEngineArtifacts' is not required, skipping update.
[        ] [        ] Artifact Instance of 'MacOSEngineArtifacts' is not required, skipping update.
[        ] [        ] Artifact Instance of 'LinuxEngineArtifacts' is not required, skipping update.
[        ] [        ] Artifact Instance of 'LinuxFuchsiaSDKArtifacts' is not required, skipping update.
[        ] [        ] Artifact Instance of 'MacOSFuchsiaSDKArtifacts' is not required, skipping update.
[        ] [        ] Artifact Instance of 'FlutterRunnerSDKArtifacts' is not required, skipping update.
[        ] [        ] Artifact Instance of 'FlutterRunnerDebugSymbols' is not required, skipping update.
[        ] [        ] Artifact Instance of 'IosUsbArtifacts' is not required, skipping update.
[        ] [        ] Artifact Instance of 'IosUsbArtifacts' is not required, skipping update.
[        ] [        ] Artifact Instance of 'IosUsbArtifacts' is not required, skipping update.
[        ] [        ] Artifact Instance of 'IosUsbArtifacts' is not required, skipping update.
[        ] [        ] Artifact Instance of 'IosUsbArtifacts' is not required, skipping update.
[        ] [        ] Artifact Instance of 'IosUsbArtifacts' is not required, skipping update.
[        ] [        ] Artifact Instance of 'FontSubsetArtifacts' is not required, skipping update.
[        ] [        ] Artifact Instance of 'PubDependencies' is not required, skipping update.
[        ] [  +12 ms] Artifact Instance of 'AndroidGenSnapshotArtifacts' is not required, skipping update.
[        ] [        ] Artifact Instance of 'AndroidInternalBuildArtifacts' is not required, skipping update.
[        ] [        ] Artifact Instance of 'IOSEngineArtifacts' is not required, skipping update.
[        ] [        ] Artifact Instance of 'FlutterWebSdk' is not required, skipping update.
[        ] [        ] Artifact Instance of 'FlutterEngineStamp' is not required, skipping update.
[        ] [        ] Artifact Instance of 'LegacyCanvasKitRemover' is not required, skipping update.
[        ] [   +2 ms] Artifact Instance of 'WindowsEngineArtifacts' is not required, skipping update.
[        ] [        ] Artifact Instance of 'MacOSEngineArtifacts' is not required, skipping update.
[        ] [        ] Artifact Instance of 'LinuxEngineArtifacts' is not required, skipping update.
[        ] [        ] Artifact Instance of 'LinuxFuchsiaSDKArtifacts' is not required, skipping update.
[        ] [        ] Artifact Instance of 'MacOSFuchsiaSDKArtifacts' is not required, skipping update.
[        ] [        ] Artifact Instance of 'FlutterRunnerSDKArtifacts' is not required, skipping update.
[        ] [        ] Artifact Instance of 'FlutterRunnerDebugSymbols' is not required, skipping update.
[        ] [  +67 ms] Artifact Instance of 'MaterialFonts' is not required, skipping update.
[        ] [        ] Artifact Instance of 'GradleWrapper' is not required, skipping update.
[        ] [        ] Artifact Instance of 'AndroidGenSnapshotArtifacts' is not required, skipping update.
[        ] [        ] Artifact Instance of 'AndroidInternalBuildArtifacts' is not required, skipping update.
[        ] [        ] Artifact Instance of 'IOSEngineArtifacts' is not required, skipping update.
[        ] [        ] Artifact Instance of 'FlutterWebSdk' is not required, skipping update.
[        ] [        ] Artifact Instance of 'FlutterEngineStamp' is not required, skipping update.
[        ] [        ] Artifact Instance of 'LegacyCanvasKitRemover' is not required, skipping update.
[        ] [        ] Artifact Instance of 'FlutterSdk' is not required, skipping update.
[        ] [        ] Artifact Instance of 'WindowsEngineArtifacts' is not required, skipping update.
[        ] [        ] Artifact Instance of 'MacOSEngineArtifacts' is not required, skipping update.
[        ] [   +1 ms] Artifact Instance of 'LinuxFuchsiaSDKArtifacts' is not required, skipping update.
[        ] [        ] Artifact Instance of 'MacOSFuchsiaSDKArtifacts' is not required, skipping update.
[        ] [        ] Artifact Instance of 'FlutterRunnerSDKArtifacts' is not required, skipping update.
[        ] [        ] Artifact Instance of 'FlutterRunnerDebugSymbols' is not required, skipping update.
[        ] [        ] Artifact Instance of 'IosUsbArtifacts' is not required, skipping update.
[        ] [        ] Artifact Instance of 'IosUsbArtifacts' is not required, skipping update.
[        ] [        ] Artifact Instance of 'IosUsbArtifacts' is not required, skipping update.
[        ] [        ] Artifact Instance of 'IosUsbArtifacts' is not required, skipping update.
[        ] [        ] Artifact Instance of 'IosUsbArtifacts' is not required, skipping update.
[        ] [        ] Artifact Instance of 'IosUsbArtifacts' is not required, skipping update.
[        ] [        ] Artifact Instance of 'FontSubsetArtifacts' is not required, skipping update.
[        ] [        ] Artifact Instance of 'PubDependencies' is not required, skipping update.
[        ] [  +49 ms] Initializing file store
[        ] [  +13 ms] Done initializing file store
[        ] [  +79 ms] Skipping target: dart_build
[        ] [   +2 ms] Skipping target: gen_dart_plugin_registrant
[        ] [+1355 ms] Skipping target: unpack_linux
[        ] [        ] Skipping target: install_code_assets
[        ] [        ] Skipping target: gen_localizations
[        ] [ +776 ms] Skipping target: kernel_snapshot_program
[        ] [  +10 ms] invalidated build due to missing files: /home/user/Documents/Calling/SuperApp/DOES_NOT_EXIST_RERUN_FOR_WILDCARD1036008181
[        ] [ +460 ms] debug_bundle_linux-x64_assets: Starting due to {InvalidatedReasonKind.inputMissing: The following inputs were missing: /home/user/Documents/Calling/SuperApp/DOES_NOT_EXIST_RERUN_FOR_WILDCARD1036008181}
[        ] [ +545 ms] Manifest contained wildcard assets. Inserting missing file into build graph to force rerun. for more information see #56466.
[        ] [  +11 ms] shaderc command: [/home/user/snap/flutter/common/flutter/bin/cache/artifacts/engine/linux-x64/impellerc, --sksl, --runtime-stage-gles, --runtime-stage-gles3, --runtime-stage-vulkan, --iplr, --sl=/home/user/Documents/Calling/SuperApp/build/flutter_assets/shaders/ink_sparkle.frag, --spirv=/home/user/Documents/Calling/SuperApp/build/flutter_assets/shaders/ink_sparkle.frag.spirv, --input=/home/user/snap/flutter/common/flutter/packages/flutter/lib/src/material/shaders/ink_sparkle.frag, --input-type=frag, --include=/home/user/snap/flutter/common/flutter/packages/flutter/lib/src/material/shaders, --include=/home/user/snap/flutter/common/flutter/bin/cache/artifacts/engine/linux-x64/shader_lib]
[        ] [   +1 ms] shaderc command: [/home/user/snap/flutter/common/flutter/bin/cache/artifacts/engine/linux-x64/impellerc, --sksl, --runtime-stage-gles, --runtime-stage-gles3, --runtime-stage-vulkan, --iplr, --sl=/home/user/Documents/Calling/SuperApp/build/flutter_assets/shaders/stretch_effect.frag, --spirv=/home/user/Documents/Calling/SuperApp/build/flutter_assets/shaders/stretch_effect.frag.spirv, --input=/home/user/snap/flutter/common/flutter/packages/flutter/lib/src/material/shaders/stretch_effect.frag, --input-type=frag, --include=/home/user/snap/flutter/common/flutter/packages/flutter/lib/src/material/shaders, --include=/home/user/snap/flutter/common/flutter/bin/cache/artifacts/engine/linux-x64/shader_lib]
[        ] [+1057 ms] debug_bundle_linux-x64_assets: Complete
[        ] [ +441 ms] Persisting file store
[        ] [   +9 ms] Done persisting file store
[        ] [  +25 ms] build succeeded.
[        ] [   +1 ms] "flutter assemble" took 4,924ms.
[        ] [  +70 ms] Running 1 shutdown hook
[        ] [   +1 ms] Shutdown hooks complete
[        ] [ +260 ms] exiting with code 0
[ +371 ms] [2/3] Linking CXX executable intermediates_do_not_run/superapp
[        ] FAILED: intermediates_do_not_run/superapp 
[  +12 ms] : && /snap/flutter/current/usr/bin/clang++  -g  -B/snap/flutter/current/usr/lib/gcc/x86_64-linux-gnu/9 -B/snap/flutter/current/usr/lib/x86_64-linux-gnu -B/snap/flutter/current/lib/x86_64-linux-gnu -B/snap/flutter/current/usr/lib/ -L/snap/flutter/current/usr/lib/gcc/x86_64-linux-gnu/9 -L/snap/flutter/current/usr/lib/x86_64-linux-gnu -L/snap/flutter/current/lib/x86_64-linux-gnu -L/snap/flutter/current/usr/lib/ -lblkid -lgcrypt -llzma -llz4 -lgpg-error -luuid -lpthread -ldl -lepoxy -lfontconfig -B/snap/flutter/current/usr/lib/gcc/x86_64-linux-gnu/9 -B/snap/flutter/current/usr/lib/x86_64-linux-gnu -B/snap/flutter/current/lib/x86_64-linux-gnu -B/snap/flutter/current/usr/lib/ -L/snap/flutter/current/usr/lib/gcc/x86_64-linux-gnu/9 -L/snap/flutter/current/usr/lib/x86_64-linux-gnu -L/snap/flutter/current/lib/x86_64-linux-gnu -L/snap/flutter/current/usr/lib/ -lblkid -lgcrypt -llzma -llz4 -lgpg-error -luuid -lpthread -ldl -lepoxy -lfontconfig runner/CMakeFiles/superapp.dir/main.cc.o runner/CMakeFiles/superapp.dir/my_application.cc.o runner/CMakeFiles/superapp.dir/__/flutter/generated_plugin_registrant.cc.o  -o intermediates_do_not_run/superapp  -Wl,-rpath,/home/user/Documents/Calling/SuperApp/build/linux/x64/debug/plugins/audioplayers_linux:/home/user/Documents/Calling/SuperApp/build/linux/x64/debug/plugins/flutter_webrtc:/home/user/Documents/Calling/SuperApp/build/linux/x64/debug/plugins/url_launcher_linux:/home/user/Documents/Calling/SuperApp/linux/flutter/ephemeral:  plugins/audioplayers_linux/libaudioplayers_linux_plugin.so  plugins/flutter_webrtc/libflutter_webrtc_plugin.so  plugins/url_launcher_linux/liburl_launcher_linux_plugin.so  /home/user/Documents/Calling/SuperApp/linux/flutter/ephemeral/libflutter_linux_gtk.so  /snap/flutter/current/usr/lib/x86_64-linux-gnu/libgtk-3.so  /snap/flutter/current/usr/lib/x86_64-linux-gnu/libgdk-3.so  /snap/flutter/current/usr/lib/x86_64-linux-gnu/libpangocairo-1.0.so  /snap/flutter/current/usr/lib/x86_64-linux-gnu/libpango-1.0.so  /snap/flutter/current/usr/lib/x86_64-linux-gnu/libharfbuzz.so  /snap/flutter/current/usr/lib/x86_64-linux-gnu/libatk-1.0.so  /snap/flutter/current/usr/lib/x86_64-linux-gnu/libcairo-gobject.so  /snap/flutter/current/usr/lib/x86_64-linux-gnu/libcairo.so  /snap/flutter/current/usr/lib/x86_64-linux-gnu/libgdk_pixbuf-2.0.so  /snap/flutter/current/usr/lib/x86_64-linux-gnu/libgio-2.0.so  /snap/flutter/current/usr/lib/x86_64-linux-gnu/libgobject-2.0.so  /snap/flutter/current/usr/lib/x86_64-linux-gnu/libglib-2.0.so && :
[        ] /snap/flutter/current/usr/bin/ld: /lib/x86_64-linux-gnu/libdw.so.1: undefined reference to `dlopen@GLIBC_2.34'
[        ] /snap/flutter/current/usr/bin/ld: /lib/x86_64-linux-gnu/libdw.so.1: undefined reference to `pthread_rwlock_init@GLIBC_2.34'
[        ] /snap/flutter/current/usr/bin/ld: /lib/x86_64-linux-gnu/libgbm.so.1: undefined reference to `fstat64@GLIBC_2.33'
[        ] /snap/flutter/current/usr/bin/ld: /lib/x86_64-linux-gnu/libdw.so.1: undefined reference to `pthread_rwlock_wrlock@GLIBC_2.34'
[        ] /snap/flutter/current/usr/bin/ld: /lib/x86_64-linux-gnu/libgbm.so.1: undefined reference to `dlerror@GLIBC_2.34'
[        ] /snap/flutter/current/usr/bin/ld: /lib/x86_64-linux-gnu/libgstreamer-1.0.so.0: undefined reference to `__isoc23_strtol@GLIBC_2.38'
[        ] /snap/flutter/current/usr/bin/ld: /lib/x86_64-linux-gnu/libdw.so.1: undefined reference to `__isoc23_strtoull@GLIBC_2.38'
[        ] /snap/flutter/current/usr/bin/ld: /lib/x86_64-linux-gnu/libgstreamer-1.0.so.0: undefined reference to `stat64@GLIBC_2.33'
[        ] /snap/flutter/current/usr/bin/ld: /lib/x86_64-linux-gnu/libzstd.so.1: undefined reference to `pthread_create@GLIBC_2.34'
[        ] /snap/flutter/current/usr/bin/ld: /lib/x86_64-linux-gnu/libgstreamer-1.0.so.0: undefined reference to `g_pattern_spec_match_string'
[        ] /snap/flutter/current/usr/bin/ld: /lib/x86_64-linux-gnu/libgstapp-1.0.so.0: undefined reference to `g_once_init_enter_pointer'
[        ] /snap/flutter/current/usr/bin/ld: /lib/x86_64-linux-gnu/libdw.so.1: undefined reference to `__isoc23_fscanf@GLIBC_2.38'
[        ] /snap/flutter/current/usr/bin/ld: /lib/x86_64-linux-gnu/libgstreamer-1.0.so.0: undefined reference to `__isoc23_sscanf@GLIBC_2.38'
[        ] /snap/flutter/current/usr/bin/ld: /lib/x86_64-linux-gnu/libgstreamer-1.0.so.0: undefined reference to `g_time_zone_new_identifier'
[        ] /snap/flutter/current/usr/bin/ld: /lib/x86_64-linux-gnu/libgstreamer-1.0.so.0: undefined reference to `__isoc23_strtoul@GLIBC_2.38'
[        ] /snap/flutter/current/usr/bin/ld: /lib/x86_64-linux-gnu/libzstd.so.1: undefined reference to `pthread_join@GLIBC_2.34'
[        ] /snap/flutter/current/usr/bin/ld: /lib/x86_64-linux-gnu/libdw.so.1: undefined reference to `pthread_rwlock_tryrdlock@GLIBC_2.34'
[        ] /snap/flutter/current/usr/bin/ld: /lib/x86_64-linux-gnu/libdw.so.1: undefined reference to `dlclose@GLIBC_2.34'
[        ] /snap/flutter/current/usr/bin/ld: /lib/x86_64-linux-gnu/libdw.so.1: undefined reference to `pthread_rwlock_rdlock@GLIBC_2.34'
[        ] /snap/flutter/current/usr/bin/ld: /lib/x86_64-linux-gnu/libunwind.so.8: undefined reference to `fstat@GLIBC_2.33'
[        ] /snap/flutter/current/usr/bin/ld: /lib/x86_64-linux-gnu/libunwind.so.8: undefined reference to `stat@GLIBC_2.33'
[        ] /snap/flutter/current/usr/bin/ld: /lib/x86_64-linux-gnu/libdw.so.1: undefined reference to `pthread_once@GLIBC_2.34'
[        ] /snap/flutter/current/usr/bin/ld: /lib/x86_64-linux-gnu/libgstreamer-1.0.so.0: undefined reference to `g_string_free_and_steal'
[        ] /snap/flutter/current/usr/bin/ld: /lib/x86_64-linux-gnu/libgstreamer-1.0.so.0: undefined reference to `dladdr@GLIBC_2.34'
[        ] /snap/flutter/current/usr/bin/ld: /lib/x86_64-linux-gnu/libdw.so.1: undefined reference to `pthread_rwlock_destroy@GLIBC_2.34'
[        ] /snap/flutter/current/usr/bin/ld: /lib/x86_64-linux-gnu/libdw.so.1: undefined reference to `pthread_rwlock_unlock@GLIBC_2.34'
[        ] /snap/flutter/current/usr/bin/ld: /lib/x86_64-linux-gnu/libdw.so.1: undefined reference to `__isoc23_strtoll@GLIBC_2.38'
[        ] /snap/flutter/current/usr/bin/ld: /lib/x86_64-linux-gnu/libdw.so.1: undefined reference to `dlsym@GLIBC_2.34'
[        ] /snap/flutter/current/usr/bin/ld: /lib/x86_64-linux-gnu/libgstbase-1.0.so.0: undefined reference to `g_memdup2'
[        ] /snap/flutter/current/usr/bin/ld: /lib/x86_64-linux-gnu/libgstapp-1.0.so.0: undefined reference to `g_once_init_leave_pointer'
[        ] clang: error: linker command failed with exit code 1 (use -v to see invocation)
[   +1 ms] ninja: build stopped: subcommand failed.
[   +5 ms] Building Linux application... (completed in 6.6s)
[+5277 ms] Error: Build process failed
[   +1 ms] "flutter run" took 13,992ms.
[  +72 ms] 
           #0      throwToolExit (package:flutter_tools/src/base/common.dart:34:3)
           #1      RunCommand.runCommand (package:flutter_tools/src/commands/run.dart:897:9)
           <asynchronous suspension>
           #2      FlutterCommand.run.<anonymous closure> (package:flutter_tools/src/runner/flutter_command.dart:1559:27)
           <asynchronous suspension>
           #3      AppContext.run.<anonymous closure> (package:flutter_tools/src/base/context.dart:154:19)
           <asynchronous suspension>
           #4      CommandRunner.runCommand (package:args/command_runner.dart:212:13)
           <asynchronous suspension>
           #5      FlutterCommandRunner.runCommand.<anonymous closure> (package:flutter_tools/src/runner/flutter_command_runner.dart:487:9)
           <asynchronous suspension>
           #6      AppContext.run.<anonymous closure> (package:flutter_tools/src/base/context.dart:154:19)
           <asynchronous suspension>
           #7      FlutterCommandRunner.runCommand (package:flutter_tools/src/runner/flutter_command_runner.dart:422:5)
           <asynchronous suspension>
           #8      run.<anonymous closure>.<anonymous closure> (package:flutter_tools/runner.dart:104:11)
           <asynchronous suspension>
           #9      AppContext.run.<anonymous closure> (package:flutter_tools/src/base/context.dart:154:19)
           <asynchronous suspension>
           #10     main (package:flutter_tools/executable.dart:103:3)
           <asynchronous suspension>


[        ] Running 3 shutdown hooks
[  +14 ms] Shutdown hooks complete
[ +197 ms] exiting with code 1
